<?xml version="1.0" encoding="UTF-8"?>
<!-- Generated by org.testng.reporters.JUnitReportReporter -->
<testsuite hostname="ramyacs-MOBL" name="testNgPractice.InvocationCountTest" tests="10" failures="0" timestamp="14 Feb 2018 10:36:23 GMT" time="0.023" errors="0">
  <testcase name="sum" time="0.001" classname="testNgPractice.InvocationCountTest"/>
  <testcase name="sum" time="0.008" classname="testNgPractice.InvocationCountTest"/>
  <testcase name="sum" time="0.001" classname="testNgPractice.InvocationCountTest"/>
  <testcase name="sum" time="0.003" classname="testNgPractice.InvocationCountTest"/>
  <testcase name="sum" time="0.001" classname="testNgPractice.InvocationCountTest"/>
  <testcase name="sum" time="0.002" classname="testNgPractice.InvocationCountTest"/>
  <testcase name="sum" time="0.001" classname="testNgPractice.InvocationCountTest"/>
  <testcase name="sum" time="0.002" classname="testNgPractice.InvocationCountTest"/>
  <testcase name="sum" time="0.003" classname="testNgPractice.InvocationCountTest"/>
  <testcase name="sum" time="0.001" classname="testNgPractice.InvocationCountTest"/>
</testsuite> <!-- testNgPractice.InvocationCountTest -->
