<?xml version="1.0" encoding="UTF-8"?>
<!-- Generated by org.testng.reporters.JUnitReportReporter -->
<testsuite hostname="ramyacs-MOBL" name="com.datadriven.test.HalfEbayTest" tests="4" failures="0" timestamp="15 Feb 2018 05:56:38 GMT" time="60.591" errors="0">
  <testcase name="halfEbayReg" time="25.509" classname="com.datadriven.test.HalfEbayTest"/>
  <testcase name="halfEbayReg" time="10.750" classname="com.datadriven.test.HalfEbayTest"/>
  <testcase name="halfEbayReg" time="11.829" classname="com.datadriven.test.HalfEbayTest"/>
  <testcase name="halfEbayReg" time="12.503" classname="com.datadriven.test.HalfEbayTest"/>
</testsuite> <!-- com.datadriven.test.HalfEbayTest -->
