<?xml version="1.0" encoding="UTF-8"?>
<!-- Generated by org.testng.reporters.JUnitReportReporter -->
<testsuite hostname="ramyacs-MOBL" name="testNgPractice.TestNgDependency" tests="3" failures="0" timestamp="14 Feb 2018 10:36:23 GMT" time="0.004" errors="0">
  <testcase name="loginPageTest" time="0.001" classname="testNgPractice.TestNgDependency"/>
  <testcase name="homePageTest" time="0.001" classname="testNgPractice.TestNgDependency"/>
  <testcase name="searchPageTest" time="0.002" classname="testNgPractice.TestNgDependency"/>
</testsuite> <!-- testNgPractice.TestNgDependency -->
