<?xml version="1.0" encoding="UTF-8"?>
<!-- Generated by org.testng.reporters.JUnitReportReporter -->
<testsuite hostname="ramyacs-MOBL" name="testNgPractice.TestNgGroup" tests="4" failures="0" timestamp="14 Feb 2018 10:36:23 GMT" time="0.004" errors="0">
  <testcase name="method2Test" time="0.001" classname="testNgPractice.TestNgGroup"/>
  <testcase name="method4Test" time="0.001" classname="testNgPractice.TestNgGroup"/>
  <testcase name="method3Test" time="0.001" classname="testNgPractice.TestNgGroup"/>
  <testcase name="method1Test" time="0.001" classname="testNgPractice.TestNgGroup"/>
</testsuite> <!-- testNgPractice.TestNgGroup -->
