<?xml version="1.0" encoding="UTF-8"?>
<!-- Generated by org.testng.reporters.JUnitReportReporter -->
<testsuite hostname="ramyacs-MOBL" name="testNgPractice.TestNgBasics" tests="3" failures="0" timestamp="2 Mar 2018 17:13:03 GMT" time="0.023" errors="0">
  <testcase name="googleLogoTest" time="0.013" classname="testNgPractice.TestNgBasics"/>
  <testcase name="googleTitleTest" time="0.006" classname="testNgPractice.TestNgBasics"/>
  <testcase name="searchTest" time="0.004" classname="testNgPractice.TestNgBasics"/>
</testsuite> <!-- testNgPractice.TestNgBasics -->
