<?xml version="1.0" encoding="UTF-8"?>
<!-- Generated by org.testng.reporters.JUnitReportReporter -->
<testsuite hostname="ramyacs-MOBL" name="com.parameters.testng.ParameterTest" tests="1" failures="0" timestamp="14 Feb 2018 11:14:31 GMT" time="12.379" errors="0">
  <testcase name="YahooLogin" time="12.379" classname="com.parameters.testng.ParameterTest"/>
</testsuite> <!-- com.parameters.testng.ParameterTest -->
