<?xml version="1.0" encoding="UTF-8"?>
<!-- Generated by org.testng.reporters.JUnitReportReporter -->
<testsuite hostname="ramyacs-MOBL" name="testNgPractice.GoogleTest" tests="5" failures="0" timestamp="14 Feb 2018 10:36:23 GMT" time="45.402" errors="0">
  <testcase name="mailLinkTest" time="7.475" classname="testNgPractice.GoogleTest"/>
  <testcase name="test1" time="11.320" classname="testNgPractice.GoogleTest"/>
  <testcase name="getGoogleTitle" time="7.542" classname="testNgPractice.GoogleTest"/>
  <testcase name="googleLogoTest" time="5.846" classname="testNgPractice.GoogleTest"/>
  <testcase name="test2" time="13.219" classname="testNgPractice.GoogleTest"/>
</testsuite> <!-- testNgPractice.GoogleTest -->
